<?xml version="1.0" encoding="UTF-8"?>
<testsuite name="alglin.PruebaMatriz" tests="8" skipped="0" failures="0" errors="0" timestamp="2019-10-21T00:33:08" hostname="localhost.localdomain" time="0.224">
  <properties/>
  <testcase name="probarToString()" classname="alglin.PruebaMatriz" time="0.103"/>
  <testcase name="probarEliminarColumna()" classname="alglin.PruebaMatriz" time="0.031"/>
  <testcase name="probarSuma()" classname="alglin.PruebaMatriz" time="0.011"/>
  <testcase name="probarConstructor()" classname="alglin.PruebaMatriz" time="0.016"/>
  <testcase name="probarObtenerYAsignar()" classname="alglin.PruebaMatriz" time="0.008"/>
  <testcase name="probarEliminarFila()" classname="alglin.PruebaMatriz" time="0.017"/>
  <testcase name="probarEscalar()" classname="alglin.PruebaMatriz" time="0.006"/>
  <testcase name="probarDeterminante()" classname="alglin.PruebaMatriz" time="0.015"/>
  <system-out><![CDATA[]]></system-out>
  <system-err><![CDATA[]]></system-err>
</testsuite>
